{"/home/kelvin/Documents/GitHub/FINFRIEND/routes/auth.js": {"path":"/home/kelvin/Documents/GitHub/FINFRIEND/routes/auth.js","statementMap":{"0":{"start":{"line":1,"column":16},"end":{"line":1,"column":34}},"1":{"start":{"line":2,"column":15},"end":{"line":2,"column":31}},"2":{"start":{"line":3,"column":15},"end":{"line":3,"column":34}},"3":{"start":{"line":4,"column":12},"end":{"line":4,"column":35}},"4":{"start":{"line":5,"column":13},"end":{"line":5,"column":40}},"5":{"start":{"line":8,"column":0},"end":{"line":37,"column":3}},"6":{"start":{"line":9,"column":2},"end":{"line":36,"column":3}},"7":{"start":{"line":10,"column":55},"end":{"line":10,"column":63}},"8":{"start":{"line":11,"column":4},"end":{"line":13,"column":5}},"9":{"start":{"line":12,"column":6},"end":{"line":12,"column":93}},"10":{"start":{"line":15,"column":23},"end":{"line":15,"column":88}},"11":{"start":{"line":16,"column":4},"end":{"line":18,"column":5}},"12":{"start":{"line":17,"column":6},"end":{"line":17,"column":74}},"13":{"start":{"line":20,"column":26},"end":{"line":20,"column":57}},"14":{"start":{"line":21,"column":21},"end":{"line":24,"column":5}},"15":{"start":{"line":26,"column":18},"end":{"line":30,"column":5}},"16":{"start":{"line":32,"column":4},"end":{"line":32,"column":102}},"17":{"start":{"line":34,"column":4},"end":{"line":34,"column":23}},"18":{"start":{"line":35,"column":4},"end":{"line":35,"column":60}},"19":{"start":{"line":40,"column":0},"end":{"line":79,"column":3}},"20":{"start":{"line":41,"column":2},"end":{"line":78,"column":3}},"21":{"start":{"line":42,"column":32},"end":{"line":42,"column":40}},"22":{"start":{"line":43,"column":4},"end":{"line":45,"column":5}},"23":{"start":{"line":44,"column":6},"end":{"line":44,"column":81}},"24":{"start":{"line":47,"column":19},"end":{"line":47,"column":83}},"25":{"start":{"line":48,"column":4},"end":{"line":50,"column":5}},"26":{"start":{"line":49,"column":6},"end":{"line":49,"column":69}},"27":{"start":{"line":52,"column":17},"end":{"line":52,"column":24}},"28":{"start":{"line":53,"column":18},"end":{"line":53,"column":68}},"29":{"start":{"line":54,"column":4},"end":{"line":56,"column":5}},"30":{"start":{"line":55,"column":6},"end":{"line":55,"column":69}},"31":{"start":{"line":58,"column":18},"end":{"line":62,"column":5}},"32":{"start":{"line":64,"column":4},"end":{"line":74,"column":7}},"33":{"start":{"line":76,"column":4},"end":{"line":76,"column":23}},"34":{"start":{"line":77,"column":4},"end":{"line":77,"column":53}},"35":{"start":{"line":81,"column":0},"end":{"line":81,"column":24}}},"fnMap":{"0":{"name":"(anonymous_0)","decl":{"start":{"line":8,"column":25},"end":{"line":8,"column":26}},"loc":{"start":{"line":8,"column":45},"end":{"line":37,"column":1}},"line":8},"1":{"name":"(anonymous_1)","decl":{"start":{"line":40,"column":22},"end":{"line":40,"column":23}},"loc":{"start":{"line":40,"column":42},"end":{"line":79,"column":1}},"line":40}},"branchMap":{"0":{"loc":{"start":{"line":11,"column":4},"end":{"line":13,"column":5}},"type":"if","locations":[{"start":{"line":11,"column":4},"end":{"line":13,"column":5}},{"start":{},"end":{}}],"line":11},"1":{"loc":{"start":{"line":11,"column":8},"end":{"line":11,"column":41}},"type":"binary-expr","locations":[{"start":{"line":11,"column":8},"end":{"line":11,"column":18}},{"start":{"line":11,"column":22},"end":{"line":11,"column":28}},{"start":{"line":11,"column":32},"end":{"line":11,"column":41}}],"line":11},"2":{"loc":{"start":{"line":16,"column":4},"end":{"line":18,"column":5}},"type":"if","locations":[{"start":{"line":16,"column":4},"end":{"line":18,"column":5}},{"start":{},"end":{}}],"line":16},"3":{"loc":{"start":{"line":23,"column":40},"end":{"line":23,"column":58}},"type":"binary-expr","locations":[{"start":{"line":23,"column":40},"end":{"line":23,"column":50}},{"start":{"line":23,"column":54},"end":{"line":23,"column":58}}],"line":23},"4":{"loc":{"start":{"line":29,"column":19},"end":{"line":29,"column":53}},"type":"binary-expr","locations":[{"start":{"line":29,"column":19},"end":{"line":29,"column":45}},{"start":{"line":29,"column":49},"end":{"line":29,"column":53}}],"line":29},"5":{"loc":{"start":{"line":43,"column":4},"end":{"line":45,"column":5}},"type":"if","locations":[{"start":{"line":43,"column":4},"end":{"line":45,"column":5}},{"start":{},"end":{}}],"line":43},"6":{"loc":{"start":{"line":43,"column":8},"end":{"line":43,"column":27}},"type":"binary-expr","locations":[{"start":{"line":43,"column":8},"end":{"line":43,"column":14}},{"start":{"line":43,"column":18},"end":{"line":43,"column":27}}],"line":43},"7":{"loc":{"start":{"line":48,"column":4},"end":{"line":50,"column":5}},"type":"if","locations":[{"start":{"line":48,"column":4},"end":{"line":50,"column":5}},{"start":{},"end":{}}],"line":48},"8":{"loc":{"start":{"line":54,"column":4},"end":{"line":56,"column":5}},"type":"if","locations":[{"start":{"line":54,"column":4},"end":{"line":56,"column":5}},{"start":{},"end":{}}],"line":54},"9":{"loc":{"start":{"line":61,"column":19},"end":{"line":61,"column":53}},"type":"binary-expr","locations":[{"start":{"line":61,"column":19},"end":{"line":61,"column":45}},{"start":{"line":61,"column":49},"end":{"line":61,"column":53}}],"line":61}},"s":{"0":1,"1":1,"2":1,"3":1,"4":1,"5":1,"6":4,"7":4,"8":4,"9":4,"10":0,"11":0,"12":0,"13":0,"14":0,"15":0,"16":0,"17":0,"18":0,"19":1,"20":3,"21":3,"22":3,"23":3,"24":0,"25":0,"26":0,"27":0,"28":0,"29":0,"30":0,"31":0,"32":0,"33":0,"34":0,"35":1},"f":{"0":4,"1":3},"b":{"0":[4,0],"1":[4,2,1],"2":[0,0],"3":[0,0],"4":[0,0],"5":[3,0],"6":[3,1],"7":[0,0],"8":[0,0],"9":[0,0]},"_coverageSchema":"1a1c01bbd47fc00a2c39e90264f33305004495a9","hash":"25362a922f955b5f8b960ad2c6e5608686e49e45"}
,"/home/kelvin/Documents/GitHub/FINFRIEND/routes/tools.js": {"path":"/home/kelvin/Documents/GitHub/FINFRIEND/routes/tools.js","statementMap":{"0":{"start":{"line":1,"column":16},"end":{"line":1,"column":34}},"1":{"start":{"line":2,"column":15},"end":{"line":2,"column":31}},"2":{"start":{"line":5,"column":0},"end":{"line":17,"column":3}},"3":{"start":{"line":6,"column":71},"end":{"line":6,"column":79}},"4":{"start":{"line":7,"column":2},"end":{"line":9,"column":3}},"5":{"start":{"line":8,"column":4},"end":{"line":8,"column":83}},"6":{"start":{"line":10,"column":2},"end":{"line":16,"column":5}},"7":{"start":{"line":28,"column":0},"end":{"line":51,"column":3}},"8":{"start":{"line":29,"column":70},"end":{"line":29,"column":78}},"9":{"start":{"line":30,"column":2},"end":{"line":32,"column":3}},"10":{"start":{"line":31,"column":4},"end":{"line":31,"column":94}},"11":{"start":{"line":34,"column":12},"end":{"line":34,"column":34}},"12":{"start":{"line":35,"column":12},"end":{"line":35,"column":22}},"13":{"start":{"line":37,"column":18},"end":{"line":37,"column":48}},"14":{"start":{"line":38,"column":21},"end":{"line":38,"column":74}},"15":{"start":{"line":39,"column":16},"end":{"line":39,"column":48}},"16":{"start":{"line":40,"column":25},"end":{"line":40,"column":81}},"17":{"start":{"line":42,"column":2},"end":{"line":50,"column":5}},"18":{"start":{"line":62,"column":0},"end":{"line":82,"column":3}},"19":{"start":{"line":63,"column":45},"end":{"line":63,"column":53}},"20":{"start":{"line":64,"column":2},"end":{"line":66,"column":3}},"21":{"start":{"line":65,"column":4},"end":{"line":65,"column":95}},"22":{"start":{"line":68,"column":12},"end":{"line":68,"column":34}},"23":{"start":{"line":69,"column":18},"end":{"line":71,"column":36}},"24":{"start":{"line":72,"column":21},"end":{"line":72,"column":37}},"25":{"start":{"line":74,"column":2},"end":{"line":81,"column":5}},"26":{"start":{"line":84,"column":0},"end":{"line":84,"column":24}}},"fnMap":{"0":{"name":"(anonymous_0)","decl":{"start":{"line":5,"column":23},"end":{"line":5,"column":24}},"loc":{"start":{"line":5,"column":37},"end":{"line":17,"column":1}},"line":5},"1":{"name":"(anonymous_1)","decl":{"start":{"line":28,"column":27},"end":{"line":28,"column":28}},"loc":{"start":{"line":28,"column":41},"end":{"line":51,"column":1}},"line":28},"2":{"name":"(anonymous_2)","decl":{"start":{"line":62,"column":21},"end":{"line":62,"column":22}},"loc":{"start":{"line":62,"column":35},"end":{"line":82,"column":1}},"line":62}},"branchMap":{"0":{"loc":{"start":{"line":6,"column":18},"end":{"line":6,"column":32}},"type":"default-arg","locations":[{"start":{"line":6,"column":30},"end":{"line":6,"column":32}}],"line":6},"1":{"loc":{"start":{"line":6,"column":34},"end":{"line":6,"column":48}},"type":"default-arg","locations":[{"start":{"line":6,"column":46},"end":{"line":6,"column":48}}],"line":6},"2":{"loc":{"start":{"line":6,"column":50},"end":{"line":6,"column":66}},"type":"default-arg","locations":[{"start":{"line":6,"column":64},"end":{"line":6,"column":66}}],"line":6},"3":{"loc":{"start":{"line":7,"column":2},"end":{"line":9,"column":3}},"type":"if","locations":[{"start":{"line":7,"column":2},"end":{"line":9,"column":3}},{"start":{},"end":{}}],"line":7},"4":{"loc":{"start":{"line":7,"column":6},"end":{"line":7,"column":28}},"type":"binary-expr","locations":[{"start":{"line":7,"column":6},"end":{"line":7,"column":13}},{"start":{"line":7,"column":17},"end":{"line":7,"column":28}}],"line":7},"5":{"loc":{"start":{"line":29,"column":21},"end":{"line":29,"column":45}},"type":"default-arg","locations":[{"start":{"line":29,"column":44},"end":{"line":29,"column":45}}],"line":29},"6":{"loc":{"start":{"line":30,"column":2},"end":{"line":32,"column":3}},"type":"if","locations":[{"start":{"line":30,"column":2},"end":{"line":32,"column":3}},{"start":{},"end":{}}],"line":30},"7":{"loc":{"start":{"line":30,"column":6},"end":{"line":30,"column":79}},"type":"binary-expr","locations":[{"start":{"line":30,"column":6},"end":{"line":30,"column":16}},{"start":{"line":30,"column":20},"end":{"line":30,"column":45}},{"start":{"line":30,"column":49},"end":{"line":30,"column":69}},{"start":{"line":30,"column":73},"end":{"line":30,"column":79}}],"line":30},"8":{"loc":{"start":{"line":64,"column":2},"end":{"line":66,"column":3}},"type":"if","locations":[{"start":{"line":64,"column":2},"end":{"line":66,"column":3}},{"start":{},"end":{}}],"line":64},"9":{"loc":{"start":{"line":64,"column":6},"end":{"line":64,"column":80}},"type":"binary-expr","locations":[{"start":{"line":64,"column":6},"end":{"line":64,"column":16}},{"start":{"line":64,"column":20},"end":{"line":64,"column":45}},{"start":{"line":64,"column":49},"end":{"line":64,"column":69}},{"start":{"line":64,"column":73},"end":{"line":64,"column":80}}],"line":64},"10":{"loc":{"start":{"line":69,"column":18},"end":{"line":71,"column":36}},"type":"cond-expr","locations":[{"start":{"line":70,"column":6},"end":{"line":70,"column":91}},{"start":{"line":71,"column":6},"end":{"line":71,"column":36}}],"line":69}},"s":{"0":1,"1":1,"2":1,"3":5,"4":5,"5":3,"6":2,"7":1,"8":6,"9":6,"10":3,"11":3,"12":3,"13":3,"14":3,"15":3,"16":3,"17":3,"18":1,"19":5,"20":5,"21":3,"22":2,"23":2,"24":2,"25":2,"26":1},"f":{"0":5,"1":6,"2":5},"b":{"0":[4],"1":[4],"2":[4],"3":[3,2],"4":[5,3],"5":[4],"6":[3,3],"7":[6,5,4,4],"8":[3,2],"9":[5,4,3,3],"10":[1,1]},"_coverageSchema":"1a1c01bbd47fc00a2c39e90264f33305004495a9","hash":"d486a9b6853e158df008e5da039dc6d1eb86048c"}
}
