TN:
SF:routes/auth.js
FN:8,(anonymous_0)
FN:40,(anonymous_1)
FNF:2
FNH:2
FNDA:4,(anonymous_0)
FNDA:3,(anonymous_1)
DA:1,1
DA:2,1
DA:3,1
DA:4,1
DA:5,1
DA:8,1
DA:9,4
DA:10,4
DA:11,4
DA:12,4
DA:15,0
DA:16,0
DA:17,0
DA:20,0
DA:21,0
DA:26,0
DA:32,0
DA:34,0
DA:35,0
DA:40,1
DA:41,3
DA:42,3
DA:43,3
DA:44,3
DA:47,0
DA:48,0
DA:49,0
DA:52,0
DA:53,0
DA:54,0
DA:55,0
DA:58,0
DA:64,0
DA:76,0
DA:77,0
DA:81,1
LF:36
LH:16
BRDA:11,0,0,4
BRDA:11,0,1,0
BRDA:11,1,0,4
BRDA:11,1,1,2
BRDA:11,1,2,1
BRDA:16,2,0,0
BRDA:16,2,1,0
BRDA:23,3,0,0
BRDA:23,3,1,0
BRDA:29,4,0,0
BRDA:29,4,1,0
BRDA:43,5,0,3
BRDA:43,5,1,0
BRDA:43,6,0,3
BRDA:43,6,1,1
BRDA:48,7,0,0
BRDA:48,7,1,0
BRDA:54,8,0,0
BRDA:54,8,1,0
BRDA:61,9,0,0
BRDA:61,9,1,0
BRF:21
BRH:7
end_of_record
TN:
SF:routes/tools.js
FN:5,(anonymous_0)
FN:28,(anonymous_1)
FN:62,(anonymous_2)
FNF:3
FNH:3
FNDA:5,(anonymous_0)
FNDA:6,(anonymous_1)
FNDA:5,(anonymous_2)
DA:1,1
DA:2,1
DA:5,1
DA:6,5
DA:7,5
DA:8,3
DA:10,2
DA:28,1
DA:29,6
DA:30,6
DA:31,3
DA:34,3
DA:35,3
DA:37,3
DA:38,3
DA:39,3
DA:40,3
DA:42,3
DA:62,1
DA:63,5
DA:64,5
DA:65,3
DA:68,2
DA:69,2
DA:72,2
DA:74,2
DA:84,1
LF:27
LH:27
BRDA:6,0,0,4
BRDA:6,1,0,4
BRDA:6,2,0,4
BRDA:7,3,0,3
BRDA:7,3,1,2
BRDA:7,4,0,5
BRDA:7,4,1,3
BRDA:29,5,0,4
BRDA:30,6,0,3
BRDA:30,6,1,3
BRDA:30,7,0,6
BRDA:30,7,1,5
BRDA:30,7,2,4
BRDA:30,7,3,4
BRDA:64,8,0,3
BRDA:64,8,1,2
BRDA:64,9,0,5
BRDA:64,9,1,4
BRDA:64,9,2,3
BRDA:64,9,3,3
BRDA:69,10,0,1
BRDA:69,10,1,1
BRF:22
BRH:22
end_of_record
